<?xml version="1.0" encoding="UTF-8"?>
<testsuites>
  <testsuite name="" tests="55" assertions="149" errors="0" warnings="0" failures="0" skipped="0" time="0.661808">
    <testsuite name="Project Test Suite" tests="55" assertions="149" errors="0" warnings="0" failures="0" skipped="0" time="0.661808">
      <testsuite name="App\Blackjack\BlackjackTest" file="/home/bruffe/dbwebb-kurser/mvc/me/report/tests/Blackjack/BlackjackTest.php" tests="7" assertions="43" errors="0" warnings="0" failures="0" skipped="0" time="0.010394">
        <testcase name="testBlackjackProperties" class="App\Blackjack\BlackjackTest" classname="App.Blackjack.BlackjackTest" file="/home/bruffe/dbwebb-kurser/mvc/me/report/tests/Blackjack/BlackjackTest.php" line="18" assertions="5" time="0.007039"/>
        <testcase name="testBlackjackPlay" class="App\Blackjack\BlackjackTest" classname="App.Blackjack.BlackjackTest" file="/home/bruffe/dbwebb-kurser/mvc/me/report/tests/Blackjack/BlackjackTest.php" line="41" assertions="7" time="0.000765"/>
        <testcase name="testBlackjackPlay3Hands" class="App\Blackjack\BlackjackTest" classname="App.Blackjack.BlackjackTest" file="/home/bruffe/dbwebb-kurser/mvc/me/report/tests/Blackjack/BlackjackTest.php" line="79" assertions="7" time="0.000579"/>
        <testcase name="testBlackjackMultiHand" class="App\Blackjack\BlackjackTest" classname="App.Blackjack.BlackjackTest" file="/home/bruffe/dbwebb-kurser/mvc/me/report/tests/Blackjack/BlackjackTest.php" line="118" assertions="8" time="0.000454"/>
        <testcase name="testBlackjackGetScores" class="App\Blackjack\BlackjackTest" classname="App.Blackjack.BlackjackTest" file="/home/bruffe/dbwebb-kurser/mvc/me/report/tests/Blackjack/BlackjackTest.php" line="153" assertions="2" time="0.000424"/>
        <testcase name="testBlackjackGetDeck" class="App\Blackjack\BlackjackTest" classname="App.Blackjack.BlackjackTest" file="/home/bruffe/dbwebb-kurser/mvc/me/report/tests/Blackjack/BlackjackTest.php" line="167" assertions="3" time="0.000431"/>
        <testcase name="testBlackjackHandleWin" class="App\Blackjack\BlackjackTest" classname="App.Blackjack.BlackjackTest" file="/home/bruffe/dbwebb-kurser/mvc/me/report/tests/Blackjack/BlackjackTest.php" line="191" assertions="11" time="0.000701"/>
      </testsuite>
      <testsuite name="App\Card\CardGraphicTest" file="/home/bruffe/dbwebb-kurser/mvc/me/report/tests/Card/CardGraphicTest.php" tests="2" assertions="2" errors="0" warnings="0" failures="0" skipped="0" time="0.000439">
        <testcase name="testCreateCardGraphic" class="App\Card\CardGraphicTest" classname="App.Card.CardGraphicTest" file="/home/bruffe/dbwebb-kurser/mvc/me/report/tests/Card/CardGraphicTest.php" line="16" assertions="1" time="0.000224"/>
        <testcase name="testGetUrl" class="App\Card\CardGraphicTest" classname="App.Card.CardGraphicTest" file="/home/bruffe/dbwebb-kurser/mvc/me/report/tests/Card/CardGraphicTest.php" line="26" assertions="1" time="0.000215"/>
      </testsuite>
      <testsuite name="App\Card\CardHandTest" file="/home/bruffe/dbwebb-kurser/mvc/me/report/tests/Card/CardHandTest.php" tests="4" assertions="8" errors="0" warnings="0" failures="0" skipped="0" time="0.001922">
        <testcase name="testCreateCardHand" class="App\Card\CardHandTest" classname="App.Card.CardHandTest" file="/home/bruffe/dbwebb-kurser/mvc/me/report/tests/Card/CardHandTest.php" line="16" assertions="1" time="0.000201"/>
        <testcase name="testDrawCard" class="App\Card\CardHandTest" classname="App.Card.CardHandTest" file="/home/bruffe/dbwebb-kurser/mvc/me/report/tests/Card/CardHandTest.php" line="27" assertions="2" time="0.000375"/>
        <testcase name="testGetHandCardStrings" class="App\Card\CardHandTest" classname="App.Card.CardHandTest" file="/home/bruffe/dbwebb-kurser/mvc/me/report/tests/Card/CardHandTest.php" line="45" assertions="3" time="0.000394"/>
        <testcase name="testGetHandScore" class="App\Card\CardHandTest" classname="App.Card.CardHandTest" file="/home/bruffe/dbwebb-kurser/mvc/me/report/tests/Card/CardHandTest.php" line="69" assertions="2" time="0.000952"/>
      </testsuite>
      <testsuite name="App\Card\CardTest" file="/home/bruffe/dbwebb-kurser/mvc/me/report/tests/Card/CardTest.php" tests="4" assertions="4" errors="0" warnings="0" failures="0" skipped="0" time="0.000867">
        <testcase name="testCreateCard" class="App\Card\CardTest" classname="App.Card.CardTest" file="/home/bruffe/dbwebb-kurser/mvc/me/report/tests/Card/CardTest.php" line="16" assertions="1" time="0.000213"/>
        <testcase name="testGetAsString" class="App\Card\CardTest" classname="App.Card.CardTest" file="/home/bruffe/dbwebb-kurser/mvc/me/report/tests/Card/CardTest.php" line="26" assertions="1" time="0.000218"/>
        <testcase name="testGetValue" class="App\Card\CardTest" classname="App.Card.CardTest" file="/home/bruffe/dbwebb-kurser/mvc/me/report/tests/Card/CardTest.php" line="39" assertions="1" time="0.000206"/>
        <testcase name="testGetColor" class="App\Card\CardTest" classname="App.Card.CardTest" file="/home/bruffe/dbwebb-kurser/mvc/me/report/tests/Card/CardTest.php" line="52" assertions="1" time="0.000229"/>
      </testsuite>
      <testsuite name="App\Card\DeckOfCardsTest" file="/home/bruffe/dbwebb-kurser/mvc/me/report/tests/Card/DeckOfCardsTest.php" tests="5" assertions="11" errors="0" warnings="0" failures="0" skipped="0" time="0.013685">
        <testcase name="testCreateDeckOfCards" class="App\Card\DeckOfCardsTest" classname="App.Card.DeckOfCardsTest" file="/home/bruffe/dbwebb-kurser/mvc/me/report/tests/Card/DeckOfCardsTest.php" line="16" assertions="1" time="0.000372"/>
        <testcase name="testDeckCountAfterRemovingAndAdding" class="App\Card\DeckOfCardsTest" classname="App.Card.DeckOfCardsTest" file="/home/bruffe/dbwebb-kurser/mvc/me/report/tests/Card/DeckOfCardsTest.php" line="28" assertions="3" time="0.000412"/>
        <testcase name="testDeckShuffle" class="App\Card\DeckOfCardsTest" classname="App.Card.DeckOfCardsTest" file="/home/bruffe/dbwebb-kurser/mvc/me/report/tests/Card/DeckOfCardsTest.php" line="49" assertions="4" time="0.010689"/>
        <testcase name="testDeckSetCards" class="App\Card\DeckOfCardsTest" classname="App.Card.DeckOfCardsTest" file="/home/bruffe/dbwebb-kurser/mvc/me/report/tests/Card/DeckOfCardsTest.php" line="70" assertions="1" time="0.001798"/>
        <testcase name="testDeckGetCardsAsStrings" class="App\Card\DeckOfCardsTest" classname="App.Card.DeckOfCardsTest" file="/home/bruffe/dbwebb-kurser/mvc/me/report/tests/Card/DeckOfCardsTest.php" line="85" assertions="2" time="0.000414"/>
      </testsuite>
      <testsuite name="App\Controller\BookControllerJSONTest" file="/home/bruffe/dbwebb-kurser/mvc/me/report/tests/Controller/BookControllerJSONTest.php" tests="2" assertions="4" errors="0" warnings="0" failures="0" skipped="0" time="0.215851">
        <testcase name="testAPILibBooksRoute" class="App\Controller\BookControllerJSONTest" classname="App.Controller.BookControllerJSONTest" file="/home/bruffe/dbwebb-kurser/mvc/me/report/tests/Controller/BookControllerJSONTest.php" line="22" assertions="1" time="0.205097"/>
        <testcase name="testAPILibBookISBNRoute" class="App\Controller\BookControllerJSONTest" classname="App.Controller.BookControllerJSONTest" file="/home/bruffe/dbwebb-kurser/mvc/me/report/tests/Controller/BookControllerJSONTest.php" line="35" assertions="3" time="0.010754"/>
      </testsuite>
      <testsuite name="App\Controller\BookControllerTest" file="/home/bruffe/dbwebb-kurser/mvc/me/report/tests/Controller/BookControllerTest.php" tests="5" assertions="21" errors="0" warnings="0" failures="0" skipped="0" time="0.061688">
        <testcase name="testLibShowRoute" class="App\Controller\BookControllerTest" classname="App.Controller.BookControllerTest" file="/home/bruffe/dbwebb-kurser/mvc/me/report/tests/Controller/BookControllerTest.php" line="23" assertions="3" time="0.025169"/>
        <testcase name="testLibShowOneRoute" class="App\Controller\BookControllerTest" classname="App.Controller.BookControllerTest" file="/home/bruffe/dbwebb-kurser/mvc/me/report/tests/Controller/BookControllerTest.php" line="39" assertions="3" time="0.009497"/>
        <testcase name="testLibCreateFormRoute" class="App\Controller\BookControllerTest" classname="App.Controller.BookControllerTest" file="/home/bruffe/dbwebb-kurser/mvc/me/report/tests/Controller/BookControllerTest.php" line="55" assertions="5" time="0.008213"/>
        <testcase name="testLibUpdateFormRoute" class="App\Controller\BookControllerTest" classname="App.Controller.BookControllerTest" file="/home/bruffe/dbwebb-kurser/mvc/me/report/tests/Controller/BookControllerTest.php" line="73" assertions="5" time="0.009452"/>
        <testcase name="testLibDeleteFormRoute" class="App\Controller\BookControllerTest" classname="App.Controller.BookControllerTest" file="/home/bruffe/dbwebb-kurser/mvc/me/report/tests/Controller/BookControllerTest.php" line="91" assertions="5" time="0.009357"/>
      </testsuite>
      <testsuite name="App\Controller\CardGameControllerJSONTest" file="/home/bruffe/dbwebb-kurser/mvc/me/report/tests/Controller/CardGameControllerJSONTest.php" tests="4" assertions="18" errors="0" warnings="0" failures="0" skipped="0" time="0.041849">
        <testcase name="testAPIRoute" class="App\Controller\CardGameControllerJSONTest" classname="App.Controller.CardGameControllerJSONTest" file="/home/bruffe/dbwebb-kurser/mvc/me/report/tests/Controller/CardGameControllerJSONTest.php" line="22" assertions="1" time="0.008472"/>
        <testcase name="testAPIDeckAndShuffleRoutes" class="App\Controller\CardGameControllerJSONTest" classname="App.Controller.CardGameControllerJSONTest" file="/home/bruffe/dbwebb-kurser/mvc/me/report/tests/Controller/CardGameControllerJSONTest.php" line="36" assertions="4" time="0.014833"/>
        <testcase name="testAPIDeckDrawRoutes" class="App\Controller\CardGameControllerJSONTest" classname="App.Controller.CardGameControllerJSONTest" file="/home/bruffe/dbwebb-kurser/mvc/me/report/tests/Controller/CardGameControllerJSONTest.php" line="67" assertions="7" time="0.012206"/>
        <testcase name="testAPIGameRoute" class="App\Controller\CardGameControllerJSONTest" classname="App.Controller.CardGameControllerJSONTest" file="/home/bruffe/dbwebb-kurser/mvc/me/report/tests/Controller/CardGameControllerJSONTest.php" line="104" assertions="6" time="0.006338"/>
      </testsuite>
      <testsuite name="App\Controller\CardGameControllerTest" file="/home/bruffe/dbwebb-kurser/mvc/me/report/tests/Controller/CardGameControllerTest.php" tests="11" assertions="21" errors="0" warnings="0" failures="0" skipped="0" time="0.213501">
        <testcase name="testCardHomeRoute" class="App\Controller\CardGameControllerTest" classname="App.Controller.CardGameControllerTest" file="/home/bruffe/dbwebb-kurser/mvc/me/report/tests/Controller/CardGameControllerTest.php" line="26" assertions="1" time="0.016003"/>
        <testcase name="testCardDeckRoute" class="App\Controller\CardGameControllerTest" classname="App.Controller.CardGameControllerTest" file="/home/bruffe/dbwebb-kurser/mvc/me/report/tests/Controller/CardGameControllerTest.php" line="39" assertions="2" time="0.021724"/>
        <testcase name="testCardShuffleRoute" class="App\Controller\CardGameControllerTest" classname="App.Controller.CardGameControllerTest" file="/home/bruffe/dbwebb-kurser/mvc/me/report/tests/Controller/CardGameControllerTest.php" line="55" assertions="3" time="0.023344"/>
        <testcase name="testCardDrawRoute" class="App\Controller\CardGameControllerTest" classname="App.Controller.CardGameControllerTest" file="/home/bruffe/dbwebb-kurser/mvc/me/report/tests/Controller/CardGameControllerTest.php" line="76" assertions="2" time="0.016608"/>
        <testcase name="testCardDraw3Route" class="App\Controller\CardGameControllerTest" classname="App.Controller.CardGameControllerTest" file="/home/bruffe/dbwebb-kurser/mvc/me/report/tests/Controller/CardGameControllerTest.php" line="94" assertions="2" time="0.016798"/>
        <testcase name="testCardGameHomeRoute" class="App\Controller\CardGameControllerTest" classname="App.Controller.CardGameControllerTest" file="/home/bruffe/dbwebb-kurser/mvc/me/report/tests/Controller/CardGameControllerTest.php" line="111" assertions="1" time="0.016612"/>
        <testcase name="testCardGameDocRoute" class="App\Controller\CardGameControllerTest" classname="App.Controller.CardGameControllerTest" file="/home/bruffe/dbwebb-kurser/mvc/me/report/tests/Controller/CardGameControllerTest.php" line="123" assertions="2" time="0.016131"/>
        <testcase name="testCardGamePlayRoute" class="App\Controller\CardGameControllerTest" classname="App.Controller.CardGameControllerTest" file="/home/bruffe/dbwebb-kurser/mvc/me/report/tests/Controller/CardGameControllerTest.php" line="140" assertions="2" time="0.017587"/>
        <testcase name="testCardGameDrawRoute" class="App\Controller\CardGameControllerTest" classname="App.Controller.CardGameControllerTest" file="/home/bruffe/dbwebb-kurser/mvc/me/report/tests/Controller/CardGameControllerTest.php" line="158" assertions="2" time="0.023390"/>
        <testcase name="testCardGameStandRoute" class="App\Controller\CardGameControllerTest" classname="App.Controller.CardGameControllerTest" file="/home/bruffe/dbwebb-kurser/mvc/me/report/tests/Controller/CardGameControllerTest.php" line="173" assertions="2" time="0.021507"/>
        <testcase name="testCardGameRestartRoute" class="App\Controller\CardGameControllerTest" classname="App.Controller.CardGameControllerTest" file="/home/bruffe/dbwebb-kurser/mvc/me/report/tests/Controller/CardGameControllerTest.php" line="188" assertions="2" time="0.023796"/>
      </testsuite>
      <testsuite name="App\Controller\ControllerTest" file="/home/bruffe/dbwebb-kurser/mvc/me/report/tests/Controller/ControllerTest.php" tests="6" assertions="9" errors="0" warnings="0" failures="0" skipped="0" time="0.051376">
        <testcase name="testHomeRoute" class="App\Controller\ControllerTest" classname="App.Controller.ControllerTest" file="/home/bruffe/dbwebb-kurser/mvc/me/report/tests/Controller/ControllerTest.php" line="23" assertions="1" time="0.007742"/>
        <testcase name="testAboutRoute" class="App\Controller\ControllerTest" classname="App.Controller.ControllerTest" file="/home/bruffe/dbwebb-kurser/mvc/me/report/tests/Controller/ControllerTest.php" line="35" assertions="1" time="0.007157"/>
        <testcase name="testReportRoute" class="App\Controller\ControllerTest" classname="App.Controller.ControllerTest" file="/home/bruffe/dbwebb-kurser/mvc/me/report/tests/Controller/ControllerTest.php" line="47" assertions="1" time="0.012012"/>
        <testcase name="testLuckyRoute" class="App\Controller\ControllerTest" classname="App.Controller.ControllerTest" file="/home/bruffe/dbwebb-kurser/mvc/me/report/tests/Controller/ControllerTest.php" line="59" assertions="1" time="0.007219"/>
        <testcase name="testQuoteRoute" class="App\Controller\ControllerTest" classname="App.Controller.ControllerTest" file="/home/bruffe/dbwebb-kurser/mvc/me/report/tests/Controller/ControllerTest.php" line="71" assertions="4" time="0.004822"/>
        <testcase name="testMetricsRoute" class="App\Controller\ControllerTest" classname="App.Controller.ControllerTest" file="/home/bruffe/dbwebb-kurser/mvc/me/report/tests/Controller/ControllerTest.php" line="89" assertions="1" time="0.012425"/>
      </testsuite>
      <testsuite name="App\Controller\ProjectControllerJSONTest" file="/home/bruffe/dbwebb-kurser/mvc/me/report/tests/Controller/ProjectControllerJSONTest.php" tests="1" assertions="1" errors="0" warnings="0" failures="0" skipped="0" time="0.008345">
        <testcase name="testProjAPIRoute" class="App\Controller\ProjectControllerJSONTest" classname="App.Controller.ProjectControllerJSONTest" file="/home/bruffe/dbwebb-kurser/mvc/me/report/tests/Controller/ProjectControllerJSONTest.php" line="22" assertions="1" time="0.008345"/>
      </testsuite>
      <testsuite name="App\Controller\ProjectControllerTest" file="/home/bruffe/dbwebb-kurser/mvc/me/report/tests/Controller/ProjectControllerTest.php" tests="4" assertions="7" errors="0" warnings="0" failures="0" skipped="0" time="0.041892">
        <testcase name="testProjAboutRoute" class="App\Controller\ProjectControllerTest" classname="App.Controller.ProjectControllerTest" file="/home/bruffe/dbwebb-kurser/mvc/me/report/tests/Controller/ProjectControllerTest.php" line="23" assertions="2" time="0.007543"/>
        <testcase name="testProjRestartGameRoute" class="App\Controller\ProjectControllerTest" classname="App.Controller.ProjectControllerTest" file="/home/bruffe/dbwebb-kurser/mvc/me/report/tests/Controller/ProjectControllerTest.php" line="37" assertions="2" time="0.012798"/>
        <testcase name="testProjStartGameRoute" class="App\Controller\ProjectControllerTest" classname="App.Controller.ProjectControllerTest" file="/home/bruffe/dbwebb-kurser/mvc/me/report/tests/Controller/ProjectControllerTest.php" line="53" assertions="2" time="0.007357"/>
        <testcase name="testProjInitGameRoute" class="App\Controller\ProjectControllerTest" classname="App.Controller.ProjectControllerTest" file="/home/bruffe/dbwebb-kurser/mvc/me/report/tests/Controller/ProjectControllerTest.php" line="67" assertions="1" time="0.014194"/>
      </testsuite>
    </testsuite>
  </testsuite>
</testsuites>
