<?xml version="1.0" encoding="UTF-8"?>
<testsuites>
  <testsuite name="" tests="43" assertions="98" errors="0" warnings="0" failures="0" skipped="0" time="1.876714">
    <testsuite name="Project Test Suite" tests="43" assertions="98" errors="0" warnings="0" failures="0" skipped="0" time="1.876714">
      <testsuite name="App\Card\CardGraphicTest" file="/home/bruffe/dbwebb-kurser/mvc/me/report/tests/Card/CardGraphicTest.php" tests="2" assertions="2" errors="0" warnings="0" failures="0" skipped="0" time="0.005937">
        <testcase name="testCreateCardGraphic" class="App\Card\CardGraphicTest" classname="App.Card.CardGraphicTest" file="/home/bruffe/dbwebb-kurser/mvc/me/report/tests/Card/CardGraphicTest.php" line="16" assertions="1" time="0.005247"/>
        <testcase name="testGetUrl" class="App\Card\CardGraphicTest" classname="App.Card.CardGraphicTest" file="/home/bruffe/dbwebb-kurser/mvc/me/report/tests/Card/CardGraphicTest.php" line="26" assertions="1" time="0.000690"/>
      </testsuite>
      <testsuite name="App\Card\CardHandTest" file="/home/bruffe/dbwebb-kurser/mvc/me/report/tests/Card/CardHandTest.php" tests="4" assertions="8" errors="0" warnings="0" failures="0" skipped="0" time="0.003477">
        <testcase name="testCreateCardHand" class="App\Card\CardHandTest" classname="App.Card.CardHandTest" file="/home/bruffe/dbwebb-kurser/mvc/me/report/tests/Card/CardHandTest.php" line="16" assertions="1" time="0.000500"/>
        <testcase name="testDrawCard" class="App\Card\CardHandTest" classname="App.Card.CardHandTest" file="/home/bruffe/dbwebb-kurser/mvc/me/report/tests/Card/CardHandTest.php" line="27" assertions="2" time="0.000990"/>
        <testcase name="testGetHandCardStrings" class="App\Card\CardHandTest" classname="App.Card.CardHandTest" file="/home/bruffe/dbwebb-kurser/mvc/me/report/tests/Card/CardHandTest.php" line="45" assertions="3" time="0.001021"/>
        <testcase name="testGetHandScore" class="App\Card\CardHandTest" classname="App.Card.CardHandTest" file="/home/bruffe/dbwebb-kurser/mvc/me/report/tests/Card/CardHandTest.php" line="69" assertions="2" time="0.000967"/>
      </testsuite>
      <testsuite name="App\Card\CardTest" file="/home/bruffe/dbwebb-kurser/mvc/me/report/tests/Card/CardTest.php" tests="4" assertions="4" errors="0" warnings="0" failures="0" skipped="0" time="0.001104">
        <testcase name="testCreateCard" class="App\Card\CardTest" classname="App.Card.CardTest" file="/home/bruffe/dbwebb-kurser/mvc/me/report/tests/Card/CardTest.php" line="16" assertions="1" time="0.000224"/>
        <testcase name="testGetAsString" class="App\Card\CardTest" classname="App.Card.CardTest" file="/home/bruffe/dbwebb-kurser/mvc/me/report/tests/Card/CardTest.php" line="26" assertions="1" time="0.000436"/>
        <testcase name="testGetValue" class="App\Card\CardTest" classname="App.Card.CardTest" file="/home/bruffe/dbwebb-kurser/mvc/me/report/tests/Card/CardTest.php" line="39" assertions="1" time="0.000236"/>
        <testcase name="testGetColor" class="App\Card\CardTest" classname="App.Card.CardTest" file="/home/bruffe/dbwebb-kurser/mvc/me/report/tests/Card/CardTest.php" line="52" assertions="1" time="0.000207"/>
      </testsuite>
      <testsuite name="App\Card\DeckOfCardsTest" file="/home/bruffe/dbwebb-kurser/mvc/me/report/tests/Card/DeckOfCardsTest.php" tests="5" assertions="11" errors="0" warnings="0" failures="0" skipped="0" time="0.014273">
        <testcase name="testCreateDeckOfCards" class="App\Card\DeckOfCardsTest" classname="App.Card.DeckOfCardsTest" file="/home/bruffe/dbwebb-kurser/mvc/me/report/tests/Card/DeckOfCardsTest.php" line="16" assertions="1" time="0.000366"/>
        <testcase name="testDeckCountAfterRemovingAndAdding" class="App\Card\DeckOfCardsTest" classname="App.Card.DeckOfCardsTest" file="/home/bruffe/dbwebb-kurser/mvc/me/report/tests/Card/DeckOfCardsTest.php" line="28" assertions="3" time="0.000403"/>
        <testcase name="testDeckShuffle" class="App\Card\DeckOfCardsTest" classname="App.Card.DeckOfCardsTest" file="/home/bruffe/dbwebb-kurser/mvc/me/report/tests/Card/DeckOfCardsTest.php" line="49" assertions="4" time="0.011216"/>
        <testcase name="testDeckSetCards" class="App\Card\DeckOfCardsTest" classname="App.Card.DeckOfCardsTest" file="/home/bruffe/dbwebb-kurser/mvc/me/report/tests/Card/DeckOfCardsTest.php" line="70" assertions="1" time="0.001888"/>
        <testcase name="testDeckGetCardsAsStrings" class="App\Card\DeckOfCardsTest" classname="App.Card.DeckOfCardsTest" file="/home/bruffe/dbwebb-kurser/mvc/me/report/tests/Card/DeckOfCardsTest.php" line="85" assertions="2" time="0.000399"/>
      </testsuite>
      <testsuite name="App\Controller\BookControllerJSONTest" file="/home/bruffe/dbwebb-kurser/mvc/me/report/tests/Controller/BookControllerJSONTest.php" tests="2" assertions="4" errors="0" warnings="0" failures="0" skipped="0" time="1.454893">
        <testcase name="testAPILibBooksRoute" class="App\Controller\BookControllerJSONTest" classname="App.Controller.BookControllerJSONTest" file="/home/bruffe/dbwebb-kurser/mvc/me/report/tests/Controller/BookControllerJSONTest.php" line="22" assertions="1" time="1.443774"/>
        <testcase name="testAPILibBookISBNRoute" class="App\Controller\BookControllerJSONTest" classname="App.Controller.BookControllerJSONTest" file="/home/bruffe/dbwebb-kurser/mvc/me/report/tests/Controller/BookControllerJSONTest.php" line="35" assertions="3" time="0.011119"/>
      </testsuite>
      <testsuite name="App\Controller\BookControllerTest" file="/home/bruffe/dbwebb-kurser/mvc/me/report/tests/Controller/BookControllerTest.php" tests="5" assertions="21" errors="0" warnings="0" failures="0" skipped="0" time="0.082828">
        <testcase name="testLibShowRoute" class="App\Controller\BookControllerTest" classname="App.Controller.BookControllerTest" file="/home/bruffe/dbwebb-kurser/mvc/me/report/tests/Controller/BookControllerTest.php" line="23" assertions="3" time="0.042334"/>
        <testcase name="testLibShowOneRoute" class="App\Controller\BookControllerTest" classname="App.Controller.BookControllerTest" file="/home/bruffe/dbwebb-kurser/mvc/me/report/tests/Controller/BookControllerTest.php" line="39" assertions="3" time="0.011091"/>
        <testcase name="testLibCreateFormRoute" class="App\Controller\BookControllerTest" classname="App.Controller.BookControllerTest" file="/home/bruffe/dbwebb-kurser/mvc/me/report/tests/Controller/BookControllerTest.php" line="55" assertions="5" time="0.008830"/>
        <testcase name="testLibUpdateFormRoute" class="App\Controller\BookControllerTest" classname="App.Controller.BookControllerTest" file="/home/bruffe/dbwebb-kurser/mvc/me/report/tests/Controller/BookControllerTest.php" line="73" assertions="5" time="0.010438"/>
        <testcase name="testLibDeleteFormRoute" class="App\Controller\BookControllerTest" classname="App.Controller.BookControllerTest" file="/home/bruffe/dbwebb-kurser/mvc/me/report/tests/Controller/BookControllerTest.php" line="91" assertions="5" time="0.010136"/>
      </testsuite>
      <testsuite name="App\Controller\CardGameControllerJSONTest" file="/home/bruffe/dbwebb-kurser/mvc/me/report/tests/Controller/CardGameControllerJSONTest.php" tests="4" assertions="18" errors="0" warnings="0" failures="0" skipped="0" time="0.042685">
        <testcase name="testAPIRoute" class="App\Controller\CardGameControllerJSONTest" classname="App.Controller.CardGameControllerJSONTest" file="/home/bruffe/dbwebb-kurser/mvc/me/report/tests/Controller/CardGameControllerJSONTest.php" line="22" assertions="1" time="0.008807"/>
        <testcase name="testAPIDeckAndShuffleRoutes" class="App\Controller\CardGameControllerJSONTest" classname="App.Controller.CardGameControllerJSONTest" file="/home/bruffe/dbwebb-kurser/mvc/me/report/tests/Controller/CardGameControllerJSONTest.php" line="36" assertions="4" time="0.014899"/>
        <testcase name="testAPIDeckDrawRoutes" class="App\Controller\CardGameControllerJSONTest" classname="App.Controller.CardGameControllerJSONTest" file="/home/bruffe/dbwebb-kurser/mvc/me/report/tests/Controller/CardGameControllerJSONTest.php" line="67" assertions="7" time="0.012634"/>
        <testcase name="testAPIGameRoute" class="App\Controller\CardGameControllerJSONTest" classname="App.Controller.CardGameControllerJSONTest" file="/home/bruffe/dbwebb-kurser/mvc/me/report/tests/Controller/CardGameControllerJSONTest.php" line="104" assertions="6" time="0.006345"/>
      </testsuite>
      <testsuite name="App\Controller\CardGameControllerTest" file="/home/bruffe/dbwebb-kurser/mvc/me/report/tests/Controller/CardGameControllerTest.php" tests="11" assertions="21" errors="0" warnings="0" failures="0" skipped="0" time="0.219899">
        <testcase name="testCardHomeRoute" class="App\Controller\CardGameControllerTest" classname="App.Controller.CardGameControllerTest" file="/home/bruffe/dbwebb-kurser/mvc/me/report/tests/Controller/CardGameControllerTest.php" line="26" assertions="1" time="0.015505"/>
        <testcase name="testCardDeckRoute" class="App\Controller\CardGameControllerTest" classname="App.Controller.CardGameControllerTest" file="/home/bruffe/dbwebb-kurser/mvc/me/report/tests/Controller/CardGameControllerTest.php" line="39" assertions="2" time="0.022148"/>
        <testcase name="testCardShuffleRoute" class="App\Controller\CardGameControllerTest" classname="App.Controller.CardGameControllerTest" file="/home/bruffe/dbwebb-kurser/mvc/me/report/tests/Controller/CardGameControllerTest.php" line="55" assertions="3" time="0.019913"/>
        <testcase name="testCardDrawRoute" class="App\Controller\CardGameControllerTest" classname="App.Controller.CardGameControllerTest" file="/home/bruffe/dbwebb-kurser/mvc/me/report/tests/Controller/CardGameControllerTest.php" line="76" assertions="2" time="0.020196"/>
        <testcase name="testCardDraw3Route" class="App\Controller\CardGameControllerTest" classname="App.Controller.CardGameControllerTest" file="/home/bruffe/dbwebb-kurser/mvc/me/report/tests/Controller/CardGameControllerTest.php" line="94" assertions="2" time="0.017242"/>
        <testcase name="testCardGameHomeRoute" class="App\Controller\CardGameControllerTest" classname="App.Controller.CardGameControllerTest" file="/home/bruffe/dbwebb-kurser/mvc/me/report/tests/Controller/CardGameControllerTest.php" line="111" assertions="1" time="0.016713"/>
        <testcase name="testCardGameDocRoute" class="App\Controller\CardGameControllerTest" classname="App.Controller.CardGameControllerTest" file="/home/bruffe/dbwebb-kurser/mvc/me/report/tests/Controller/CardGameControllerTest.php" line="123" assertions="2" time="0.016544"/>
        <testcase name="testCardGamePlayRoute" class="App\Controller\CardGameControllerTest" classname="App.Controller.CardGameControllerTest" file="/home/bruffe/dbwebb-kurser/mvc/me/report/tests/Controller/CardGameControllerTest.php" line="140" assertions="2" time="0.017627"/>
        <testcase name="testCardGameDrawRoute" class="App\Controller\CardGameControllerTest" classname="App.Controller.CardGameControllerTest" file="/home/bruffe/dbwebb-kurser/mvc/me/report/tests/Controller/CardGameControllerTest.php" line="158" assertions="2" time="0.023298"/>
        <testcase name="testCardGameStandRoute" class="App\Controller\CardGameControllerTest" classname="App.Controller.CardGameControllerTest" file="/home/bruffe/dbwebb-kurser/mvc/me/report/tests/Controller/CardGameControllerTest.php" line="173" assertions="2" time="0.023958"/>
        <testcase name="testCardGameRestartRoute" class="App\Controller\CardGameControllerTest" classname="App.Controller.CardGameControllerTest" file="/home/bruffe/dbwebb-kurser/mvc/me/report/tests/Controller/CardGameControllerTest.php" line="188" assertions="2" time="0.026754"/>
      </testsuite>
      <testsuite name="App\Controller\ControllerTest" file="/home/bruffe/dbwebb-kurser/mvc/me/report/tests/Controller/ControllerTest.php" tests="6" assertions="9" errors="0" warnings="0" failures="0" skipped="0" time="0.051617">
        <testcase name="testHomeRoute" class="App\Controller\ControllerTest" classname="App.Controller.ControllerTest" file="/home/bruffe/dbwebb-kurser/mvc/me/report/tests/Controller/ControllerTest.php" line="23" assertions="1" time="0.007737"/>
        <testcase name="testAboutRoute" class="App\Controller\ControllerTest" classname="App.Controller.ControllerTest" file="/home/bruffe/dbwebb-kurser/mvc/me/report/tests/Controller/ControllerTest.php" line="35" assertions="1" time="0.007215"/>
        <testcase name="testReportRoute" class="App\Controller\ControllerTest" classname="App.Controller.ControllerTest" file="/home/bruffe/dbwebb-kurser/mvc/me/report/tests/Controller/ControllerTest.php" line="47" assertions="1" time="0.011923"/>
        <testcase name="testLuckyRoute" class="App\Controller\ControllerTest" classname="App.Controller.ControllerTest" file="/home/bruffe/dbwebb-kurser/mvc/me/report/tests/Controller/ControllerTest.php" line="59" assertions="1" time="0.007727"/>
        <testcase name="testQuoteRoute" class="App\Controller\ControllerTest" classname="App.Controller.ControllerTest" file="/home/bruffe/dbwebb-kurser/mvc/me/report/tests/Controller/ControllerTest.php" line="71" assertions="4" time="0.004855"/>
        <testcase name="testMetricsRoute" class="App\Controller\ControllerTest" classname="App.Controller.ControllerTest" file="/home/bruffe/dbwebb-kurser/mvc/me/report/tests/Controller/ControllerTest.php" line="89" assertions="1" time="0.012162"/>
      </testsuite>
    </testsuite>
  </testsuite>
</testsuites>
