<?xml version="1.0" encoding="UTF-8"?>
<testsuites>
  <testsuite name="" tests="43" assertions="98" errors="0" warnings="0" failures="0" skipped="0" time="0.595271">
    <testsuite name="Project Test Suite" tests="43" assertions="98" errors="0" warnings="0" failures="0" skipped="0" time="0.595271">
      <testsuite name="App\Card\CardGraphicTest" file="/home/bruffe/dbwebb-kurser/mvc/me/report/tests/Card/CardGraphicTest.php" tests="2" assertions="2" errors="0" warnings="0" failures="0" skipped="0" time="0.005432">
        <testcase name="testCreateCardGraphic" class="App\Card\CardGraphicTest" classname="App.Card.CardGraphicTest" file="/home/bruffe/dbwebb-kurser/mvc/me/report/tests/Card/CardGraphicTest.php" line="16" assertions="1" time="0.004878"/>
        <testcase name="testGetUrl" class="App\Card\CardGraphicTest" classname="App.Card.CardGraphicTest" file="/home/bruffe/dbwebb-kurser/mvc/me/report/tests/Card/CardGraphicTest.php" line="26" assertions="1" time="0.000554"/>
      </testsuite>
      <testsuite name="App\Card\CardHandTest" file="/home/bruffe/dbwebb-kurser/mvc/me/report/tests/Card/CardHandTest.php" tests="4" assertions="8" errors="0" warnings="0" failures="0" skipped="0" time="0.002696">
        <testcase name="testCreateCardHand" class="App\Card\CardHandTest" classname="App.Card.CardHandTest" file="/home/bruffe/dbwebb-kurser/mvc/me/report/tests/Card/CardHandTest.php" line="16" assertions="1" time="0.000496"/>
        <testcase name="testDrawCard" class="App\Card\CardHandTest" classname="App.Card.CardHandTest" file="/home/bruffe/dbwebb-kurser/mvc/me/report/tests/Card/CardHandTest.php" line="27" assertions="2" time="0.000913"/>
        <testcase name="testGetHandCardStrings" class="App\Card\CardHandTest" classname="App.Card.CardHandTest" file="/home/bruffe/dbwebb-kurser/mvc/me/report/tests/Card/CardHandTest.php" line="45" assertions="3" time="0.000381"/>
        <testcase name="testGetHandScore" class="App\Card\CardHandTest" classname="App.Card.CardHandTest" file="/home/bruffe/dbwebb-kurser/mvc/me/report/tests/Card/CardHandTest.php" line="69" assertions="2" time="0.000906"/>
      </testsuite>
      <testsuite name="App\Card\CardTest" file="/home/bruffe/dbwebb-kurser/mvc/me/report/tests/Card/CardTest.php" tests="4" assertions="4" errors="0" warnings="0" failures="0" skipped="0" time="0.000834">
        <testcase name="testCreateCard" class="App\Card\CardTest" classname="App.Card.CardTest" file="/home/bruffe/dbwebb-kurser/mvc/me/report/tests/Card/CardTest.php" line="16" assertions="1" time="0.000215"/>
        <testcase name="testGetAsString" class="App\Card\CardTest" classname="App.Card.CardTest" file="/home/bruffe/dbwebb-kurser/mvc/me/report/tests/Card/CardTest.php" line="26" assertions="1" time="0.000205"/>
        <testcase name="testGetValue" class="App\Card\CardTest" classname="App.Card.CardTest" file="/home/bruffe/dbwebb-kurser/mvc/me/report/tests/Card/CardTest.php" line="39" assertions="1" time="0.000203"/>
        <testcase name="testGetColor" class="App\Card\CardTest" classname="App.Card.CardTest" file="/home/bruffe/dbwebb-kurser/mvc/me/report/tests/Card/CardTest.php" line="52" assertions="1" time="0.000211"/>
      </testsuite>
      <testsuite name="App\Card\DeckOfCardsTest" file="/home/bruffe/dbwebb-kurser/mvc/me/report/tests/Card/DeckOfCardsTest.php" tests="5" assertions="11" errors="0" warnings="0" failures="0" skipped="0" time="0.013314">
        <testcase name="testCreateDeckOfCards" class="App\Card\DeckOfCardsTest" classname="App.Card.DeckOfCardsTest" file="/home/bruffe/dbwebb-kurser/mvc/me/report/tests/Card/DeckOfCardsTest.php" line="16" assertions="1" time="0.000404"/>
        <testcase name="testDeckCountAfterRemovingAndAdding" class="App\Card\DeckOfCardsTest" classname="App.Card.DeckOfCardsTest" file="/home/bruffe/dbwebb-kurser/mvc/me/report/tests/Card/DeckOfCardsTest.php" line="28" assertions="3" time="0.000374"/>
        <testcase name="testDeckShuffle" class="App\Card\DeckOfCardsTest" classname="App.Card.DeckOfCardsTest" file="/home/bruffe/dbwebb-kurser/mvc/me/report/tests/Card/DeckOfCardsTest.php" line="49" assertions="4" time="0.010405"/>
        <testcase name="testDeckSetCards" class="App\Card\DeckOfCardsTest" classname="App.Card.DeckOfCardsTest" file="/home/bruffe/dbwebb-kurser/mvc/me/report/tests/Card/DeckOfCardsTest.php" line="70" assertions="1" time="0.001733"/>
        <testcase name="testDeckGetCardsAsStrings" class="App\Card\DeckOfCardsTest" classname="App.Card.DeckOfCardsTest" file="/home/bruffe/dbwebb-kurser/mvc/me/report/tests/Card/DeckOfCardsTest.php" line="85" assertions="2" time="0.000398"/>
      </testsuite>
      <testsuite name="App\Controller\BookControllerJSONTest" file="/home/bruffe/dbwebb-kurser/mvc/me/report/tests/Controller/BookControllerJSONTest.php" tests="2" assertions="4" errors="0" warnings="0" failures="0" skipped="0" time="0.214848">
        <testcase name="testAPILibBooksRoute" class="App\Controller\BookControllerJSONTest" classname="App.Controller.BookControllerJSONTest" file="/home/bruffe/dbwebb-kurser/mvc/me/report/tests/Controller/BookControllerJSONTest.php" line="22" assertions="1" time="0.205626"/>
        <testcase name="testAPILibBookISBNRoute" class="App\Controller\BookControllerJSONTest" classname="App.Controller.BookControllerJSONTest" file="/home/bruffe/dbwebb-kurser/mvc/me/report/tests/Controller/BookControllerJSONTest.php" line="35" assertions="3" time="0.009221"/>
      </testsuite>
      <testsuite name="App\Controller\BookControllerTest" file="/home/bruffe/dbwebb-kurser/mvc/me/report/tests/Controller/BookControllerTest.php" tests="5" assertions="21" errors="0" warnings="0" failures="0" skipped="0" time="0.062260">
        <testcase name="testLibShowRoute" class="App\Controller\BookControllerTest" classname="App.Controller.BookControllerTest" file="/home/bruffe/dbwebb-kurser/mvc/me/report/tests/Controller/BookControllerTest.php" line="23" assertions="3" time="0.026036"/>
        <testcase name="testLibShowOneRoute" class="App\Controller\BookControllerTest" classname="App.Controller.BookControllerTest" file="/home/bruffe/dbwebb-kurser/mvc/me/report/tests/Controller/BookControllerTest.php" line="39" assertions="3" time="0.009444"/>
        <testcase name="testLibCreateFormRoute" class="App\Controller\BookControllerTest" classname="App.Controller.BookControllerTest" file="/home/bruffe/dbwebb-kurser/mvc/me/report/tests/Controller/BookControllerTest.php" line="55" assertions="5" time="0.008083"/>
        <testcase name="testLibUpdateFormRoute" class="App\Controller\BookControllerTest" classname="App.Controller.BookControllerTest" file="/home/bruffe/dbwebb-kurser/mvc/me/report/tests/Controller/BookControllerTest.php" line="73" assertions="5" time="0.009476"/>
        <testcase name="testLibDeleteFormRoute" class="App\Controller\BookControllerTest" classname="App.Controller.BookControllerTest" file="/home/bruffe/dbwebb-kurser/mvc/me/report/tests/Controller/BookControllerTest.php" line="91" assertions="5" time="0.009221"/>
      </testsuite>
      <testsuite name="App\Controller\CardGameControllerJSONTest" file="/home/bruffe/dbwebb-kurser/mvc/me/report/tests/Controller/CardGameControllerJSONTest.php" tests="4" assertions="18" errors="0" warnings="0" failures="0" skipped="0" time="0.041604">
        <testcase name="testAPIRoute" class="App\Controller\CardGameControllerJSONTest" classname="App.Controller.CardGameControllerJSONTest" file="/home/bruffe/dbwebb-kurser/mvc/me/report/tests/Controller/CardGameControllerJSONTest.php" line="22" assertions="1" time="0.008080"/>
        <testcase name="testAPIDeckAndShuffleRoutes" class="App\Controller\CardGameControllerJSONTest" classname="App.Controller.CardGameControllerJSONTest" file="/home/bruffe/dbwebb-kurser/mvc/me/report/tests/Controller/CardGameControllerJSONTest.php" line="36" assertions="4" time="0.014802"/>
        <testcase name="testAPIDeckDrawRoutes" class="App\Controller\CardGameControllerJSONTest" classname="App.Controller.CardGameControllerJSONTest" file="/home/bruffe/dbwebb-kurser/mvc/me/report/tests/Controller/CardGameControllerJSONTest.php" line="67" assertions="7" time="0.011946"/>
        <testcase name="testAPIGameRoute" class="App\Controller\CardGameControllerJSONTest" classname="App.Controller.CardGameControllerJSONTest" file="/home/bruffe/dbwebb-kurser/mvc/me/report/tests/Controller/CardGameControllerJSONTest.php" line="104" assertions="6" time="0.006775"/>
      </testsuite>
      <testsuite name="App\Controller\CardGameControllerTest" file="/home/bruffe/dbwebb-kurser/mvc/me/report/tests/Controller/CardGameControllerTest.php" tests="11" assertions="21" errors="0" warnings="0" failures="0" skipped="0" time="0.200383">
        <testcase name="testCardHomeRoute" class="App\Controller\CardGameControllerTest" classname="App.Controller.CardGameControllerTest" file="/home/bruffe/dbwebb-kurser/mvc/me/report/tests/Controller/CardGameControllerTest.php" line="26" assertions="1" time="0.014643"/>
        <testcase name="testCardDeckRoute" class="App\Controller\CardGameControllerTest" classname="App.Controller.CardGameControllerTest" file="/home/bruffe/dbwebb-kurser/mvc/me/report/tests/Controller/CardGameControllerTest.php" line="39" assertions="2" time="0.020002"/>
        <testcase name="testCardShuffleRoute" class="App\Controller\CardGameControllerTest" classname="App.Controller.CardGameControllerTest" file="/home/bruffe/dbwebb-kurser/mvc/me/report/tests/Controller/CardGameControllerTest.php" line="55" assertions="3" time="0.019943"/>
        <testcase name="testCardDrawRoute" class="App\Controller\CardGameControllerTest" classname="App.Controller.CardGameControllerTest" file="/home/bruffe/dbwebb-kurser/mvc/me/report/tests/Controller/CardGameControllerTest.php" line="76" assertions="2" time="0.016737"/>
        <testcase name="testCardDraw3Route" class="App\Controller\CardGameControllerTest" classname="App.Controller.CardGameControllerTest" file="/home/bruffe/dbwebb-kurser/mvc/me/report/tests/Controller/CardGameControllerTest.php" line="94" assertions="2" time="0.016806"/>
        <testcase name="testCardGameHomeRoute" class="App\Controller\CardGameControllerTest" classname="App.Controller.CardGameControllerTest" file="/home/bruffe/dbwebb-kurser/mvc/me/report/tests/Controller/CardGameControllerTest.php" line="111" assertions="1" time="0.015766"/>
        <testcase name="testCardGameDocRoute" class="App\Controller\CardGameControllerTest" classname="App.Controller.CardGameControllerTest" file="/home/bruffe/dbwebb-kurser/mvc/me/report/tests/Controller/CardGameControllerTest.php" line="123" assertions="2" time="0.017504"/>
        <testcase name="testCardGamePlayRoute" class="App\Controller\CardGameControllerTest" classname="App.Controller.CardGameControllerTest" file="/home/bruffe/dbwebb-kurser/mvc/me/report/tests/Controller/CardGameControllerTest.php" line="140" assertions="2" time="0.016060"/>
        <testcase name="testCardGameDrawRoute" class="App\Controller\CardGameControllerTest" classname="App.Controller.CardGameControllerTest" file="/home/bruffe/dbwebb-kurser/mvc/me/report/tests/Controller/CardGameControllerTest.php" line="158" assertions="2" time="0.021260"/>
        <testcase name="testCardGameStandRoute" class="App\Controller\CardGameControllerTest" classname="App.Controller.CardGameControllerTest" file="/home/bruffe/dbwebb-kurser/mvc/me/report/tests/Controller/CardGameControllerTest.php" line="173" assertions="2" time="0.020722"/>
        <testcase name="testCardGameRestartRoute" class="App\Controller\CardGameControllerTest" classname="App.Controller.CardGameControllerTest" file="/home/bruffe/dbwebb-kurser/mvc/me/report/tests/Controller/CardGameControllerTest.php" line="188" assertions="2" time="0.020942"/>
      </testsuite>
      <testsuite name="App\Controller\ControllerTest" file="/home/bruffe/dbwebb-kurser/mvc/me/report/tests/Controller/ControllerTest.php" tests="6" assertions="9" errors="0" warnings="0" failures="0" skipped="0" time="0.053900">
        <testcase name="testHomeRoute" class="App\Controller\ControllerTest" classname="App.Controller.ControllerTest" file="/home/bruffe/dbwebb-kurser/mvc/me/report/tests/Controller/ControllerTest.php" line="23" assertions="1" time="0.007929"/>
        <testcase name="testAboutRoute" class="App\Controller\ControllerTest" classname="App.Controller.ControllerTest" file="/home/bruffe/dbwebb-kurser/mvc/me/report/tests/Controller/ControllerTest.php" line="35" assertions="1" time="0.007471"/>
        <testcase name="testReportRoute" class="App\Controller\ControllerTest" classname="App.Controller.ControllerTest" file="/home/bruffe/dbwebb-kurser/mvc/me/report/tests/Controller/ControllerTest.php" line="47" assertions="1" time="0.012087"/>
        <testcase name="testLuckyRoute" class="App\Controller\ControllerTest" classname="App.Controller.ControllerTest" file="/home/bruffe/dbwebb-kurser/mvc/me/report/tests/Controller/ControllerTest.php" line="59" assertions="1" time="0.010423"/>
        <testcase name="testQuoteRoute" class="App\Controller\ControllerTest" classname="App.Controller.ControllerTest" file="/home/bruffe/dbwebb-kurser/mvc/me/report/tests/Controller/ControllerTest.php" line="71" assertions="4" time="0.004899"/>
        <testcase name="testMetricsRoute" class="App\Controller\ControllerTest" classname="App.Controller.ControllerTest" file="/home/bruffe/dbwebb-kurser/mvc/me/report/tests/Controller/ControllerTest.php" line="89" assertions="1" time="0.011089"/>
      </testsuite>
    </testsuite>
  </testsuite>
</testsuites>
